Feature: Lord and Taylor Shopping Bag Page and Add To Cart Functionality

  Background:                                                              [90m# addToCartFunctionality.feature:3[0m
    [32mGiven [0m[32mNot a validated Shopping Cart Page and Add To Cart Functionality[0m [90m# AddToCartSteps.not_a_validated_Shopping_Cart_Page_and_Add_To_Cart_Functionality()[0m
    [32mWhen [0m[32mUser browse to the site[0m                                           [90m# ApplicationSteps.user_browse_to_the_site()[0m
    [32mAnd [0m[32mCloses the Popup window[0m                                            [90m# HomePageSteps.closes_the_Popup_window()[0m
    [32mThen [0m[32mLord and Taylor Homepage should display[0m                           [90m# HomePageSteps.lord_and_Taylor_Homepage_should_display()[0m
    [32mWhen [0m[32mUser hover over the men section in navigation bar[0m                 [90m# ProductsPageSteps.user_hover_over_the_men_section_in_navigation_bar()[0m
    [32mAnd [0m[32mUser click on the Nike Link[0m                                        [90m# ProductsPageSteps.user_click_on_the_Nike_Link()[0m
    [32mThen [0m[32mNike products page should display[0m                                 [90m# ProductsPageSteps.nike_products_page_should_display()[0m
    [31mWhen [0m[31mUser click on Nike Hydroguard Mica Top product image[0m              [90m# ProductsPageSteps.user_click_on_Nike_Hydroguard_Mica_Top_product_image()[0m
      [31morg.openqa.selenium.NoSuchElementException: no such element: Unable to locate element: {"method":"xpath","selector":"//img[@id='img_0500087327563-0']"}
        (Session info: chrome=66.0.3359.117)
        (Driver info: chromedriver=2.38.551601 (edb21f07fc70e9027c746edd3201443e011a61ed),platform=Windows NT 6.3.9600 x86_64) (WARNING: The server did not provide any stacktrace information)
      Command duration or timeout: 15.01 seconds
      For documentation on this error, please visit: http://seleniumhq.org/exceptions/no_such_element.html
      Build info: version: '2.53.0', revision: '35ae25b', time: '2016-03-15 17:00:58'
      System info: host: '199-7-164-14', ip: '199.7.164.14', os.name: 'windows', os.arch: 'x86', os.version: '6.3', java.version: '1.8.0_171'
      Driver info: org.openqa.selenium.chrome.ChromeDriver
      Capabilities [{applicationCacheEnabled=false, rotatable=false, mobileEmulationEnabled=false, networkConnectionEnabled=false, chrome={chromedriverVersion=2.38.551601 (edb21f07fc70e9027c746edd3201443e011a61ed), userDataDir=C:\Windows\proxy\scoped_dir4760_17080}, takesHeapSnapshot=true, pageLoadStrategy=normal, databaseEnabled=false, handlesAlerts=true, hasTouchScreen=false, version=66.0.3359.117, platform=WIN8_1, browserConnectionEnabled=false, nativeEvents=true, acceptSslCerts=false, acceptInsecureCerts=false, locationContextEnabled=true, webStorageEnabled=true, browserName=chrome, takesScreenshot=true, javascriptEnabled=true, cssSelectorsEnabled=true, setWindowRect=true, unexpectedAlertBehaviour=}]
      Session ID: e101d7b31bae5227582b2503c34d0a6a
      *** Element info: {Using=xpath, value=//img[@id='img_0500087327563-0']}
      Command duration or timeout: 0 milliseconds
      	at java.base/jdk.internal.reflect.NativeConstructorAccessorImpl.newInstance0(Native Method)
      	at java.base/jdk.internal.reflect.NativeConstructorAccessorImpl.newInstance(Unknown Source)
      	at java.base/jdk.internal.reflect.DelegatingConstructorAccessorImpl.newInstance(Unknown Source)
      	at java.base/java.lang.reflect.Constructor.newInstance(Unknown Source)
      	at org.openqa.selenium.remote.ErrorHandler.createThrowable(ErrorHandler.java:214)
      	at org.openqa.selenium.remote.ErrorHandler.throwIfResponseFailed(ErrorHandler.java:166)
      	at org.openqa.selenium.remote.http.JsonHttpResponseCodec.reconstructValue(JsonHttpResponseCodec.java:40)
      	at org.openqa.selenium.remote.http.AbstractHttpResponseCodec.decode(AbstractHttpResponseCodec.java:80)
      	at org.openqa.selenium.remote.http.AbstractHttpResponseCodec.decode(AbstractHttpResponseCodec.java:44)
      	at org.openqa.selenium.remote.HttpCommandExecutor.execute(HttpCommandExecutor.java:164)
      	at org.openqa.selenium.remote.RemoteWebDriver.execute(RemoteWebDriver.java:601)
      	at org.openqa.selenium.remote.RemoteWebDriver.findElement(RemoteWebDriver.java:371)
      	at org.openqa.selenium.remote.RemoteWebDriver.findElementByXPath(RemoteWebDriver.java:473)
      	at org.openqa.selenium.By$ByXPath.findElement(By.java:361)
      	at org.openqa.selenium.remote.RemoteWebDriver.findElement(RemoteWebDriver.java:363)
      	at com.lordAndTaylor.qa.framework.controller.PageBaseMethods.clickElement(PageBaseMethods.java:63)
      	at com.lordAndTaylor.qa.framework.controller.ProductsPageController.clickNikeProduct(ProductsPageController.java:208)
      	at com.lordAndTaylor.qa.scripts.steps.ProductsPageSteps.user_click_on_Nike_Hydroguard_Mica_Top_product_image(ProductsPageSteps.java:133)
      	at âœ½.When User click on Nike Hydroguard Mica Top product image(addToCartFunctionality.feature:11)
      Caused by: org.openqa.selenium.remote.ScreenshotException: Screen shot has been taken
      	at org.openqa.selenium.remote.ErrorHandler.throwIfResponseFailed(ErrorHandler.java:140)
      	at org.openqa.selenium.remote.http.JsonHttpResponseCodec.reconstructValue(JsonHttpResponseCodec.java:40)
      	at org.openqa.selenium.remote.http.AbstractHttpResponseCodec.decode(AbstractHttpResponseCodec.java:80)
      	at org.openqa.selenium.remote.http.AbstractHttpResponseCodec.decode(AbstractHttpResponseCodec.java:44)
      	at org.openqa.selenium.remote.HttpCommandExecutor.execute(HttpCommandExecutor.java:164)
      	at org.openqa.selenium.remote.RemoteWebDriver.execute(RemoteWebDriver.java:601)
      	at org.openqa.selenium.remote.RemoteWebDriver.findElement(RemoteWebDriver.java:371)
      	at org.openqa.selenium.remote.RemoteWebDriver.findElementByXPath(RemoteWebDriver.java:473)
      	at org.openqa.selenium.By$ByXPath.findElement(By.java:361)
      	at org.openqa.selenium.remote.RemoteWebDriver.findElement(RemoteWebDriver.java:363)
      	at com.lordAndTaylor.qa.framework.controller.PageBaseMethods.clickElement(PageBaseMethods.java:63)
      	at com.lordAndTaylor.qa.framework.controller.ProductsPageController.clickNikeProduct(ProductsPageController.java:208)
      	at com.lordAndTaylor.qa.scripts.steps.ProductsPageSteps.user_click_on_Nike_Hydroguard_Mica_Top_product_image(ProductsPageSteps.java:133)
      	at java.base/jdk.internal.reflect.NativeMethodAccessorImpl.invoke0(Native Method)
      	at java.base/jdk.internal.reflect.NativeMethodAccessorImpl.invoke(Unknown Source)
      	at java.base/jdk.internal.reflect.DelegatingMethodAccessorImpl.invoke(Unknown Source)
      	at java.base/java.lang.reflect.Method.invoke(Unknown Source)
      	at cucumber.runtime.Utils$1.call(Utils.java:40)
      	at cucumber.runtime.Timeout.timeout(Timeout.java:16)
      	at cucumber.runtime.Utils.invoke(Utils.java:34)
      	at cucumber.runtime.java.JavaStepDefinition.execute(JavaStepDefinition.java:38)
      	at cucumber.runtime.StepDefinitionMatch.runStep(StepDefinitionMatch.java:37)
      	at cucumber.runtime.Runtime.runStep(Runtime.java:300)
      	at cucumber.runtime.model.StepContainer.runStep(StepContainer.java:44)
      	at cucumber.runtime.model.StepContainer.runSteps(StepContainer.java:39)
      	at cucumber.runtime.model.CucumberScenario.runBackground(CucumberScenario.java:59)
      	at cucumber.runtime.model.CucumberScenario.run(CucumberScenario.java:42)
      	at cucumber.runtime.model.CucumberFeature.run(CucumberFeature.java:165)
      	at cucumber.api.testng.TestNGCucumberRunner.runCucumber(TestNGCucumberRunner.java:63)
      	at com.lordAndTaylor.qa.scripts.runner.BDD_Runner_TestNg.feature(BDD_Runner_TestNg.java:86)
      	at java.base/jdk.internal.reflect.NativeMethodAccessorImpl.invoke0(Native Method)
      	at java.base/jdk.internal.reflect.NativeMethodAccessorImpl.invoke(Unknown Source)
      	at java.base/jdk.internal.reflect.DelegatingMethodAccessorImpl.invoke(Unknown Source)
      	at java.base/java.lang.reflect.Method.invoke(Unknown Source)
      	at org.testng.internal.MethodInvocationHelper.invokeMethod(MethodInvocationHelper.java:124)
      	at org.testng.internal.Invoker.invokeMethod(Invoker.java:580)
      	at org.testng.internal.Invoker.invokeTestMethod(Invoker.java:716)
      	at org.testng.internal.Invoker.invokeTestMethods(Invoker.java:988)
      	at org.testng.internal.TestMethodWorker.invokeTestMethods(TestMethodWorker.java:125)
      	at org.testng.internal.TestMethodWorker.run(TestMethodWorker.java:109)
      	at org.testng.TestRunner.privateRun(TestRunner.java:648)
      	at org.testng.TestRunner.run(TestRunner.java:505)
      	at org.testng.SuiteRunner.runTest(SuiteRunner.java:455)
      	at org.testng.SuiteRunner.runSequentially(SuiteRunner.java:450)
      	at org.testng.SuiteRunner.privateRun(SuiteRunner.java:415)
      	at org.testng.SuiteRunner.run(SuiteRunner.java:364)
      	at org.testng.SuiteRunnerWorker.runSuite(SuiteRunnerWorker.java:52)
      	at org.testng.SuiteRunnerWorker.run(SuiteRunnerWorker.java:84)
      	at org.testng.TestNG.runSuitesSequentially(TestNG.java:1208)
      	at org.testng.TestNG.runSuitesLocally(TestNG.java:1137)
      	at org.testng.TestNG.runSuites(TestNG.java:1049)
      	at org.testng.TestNG.run(TestNG.java:1017)
      	at org.testng.remote.AbstractRemoteTestNG.run(AbstractRemoteTestNG.java:114)
      	at org.testng.remote.RemoteTestNG.initAndRun(RemoteTestNG.java:251)
      	at org.testng.remote.RemoteTestNG.main(RemoteTestNG.java:77)
      Caused by: org.openqa.selenium.NoSuchElementException: no such element: Unable to locate element: {"method":"xpath","selector":"//img[@id='img_0500087327563-0']"}
        (Session info: chrome=66.0.3359.117)
        (Driver info: chromedriver=2.38.551601 (edb21f07fc70e9027c746edd3201443e011a61ed),platform=Windows NT 6.3.9600 x86_64) (WARNING: The server did not provide any stacktrace information)
      Command duration or timeout: 15.01 seconds
      For documentation on this error, please visit: http://seleniumhq.org/exceptions/no_such_element.html
      Build info: version: '2.53.0', revision: '35ae25b', time: '2016-03-15 17:00:58'
      System info: host: '199-7-164-14', ip: '199.7.164.14', os.name: 'windows', os.arch: 'x86', os.version: '6.3', java.version: '1.8.0_171'
      Driver info: org.openqa.selenium.chrome.ChromeDriver
      Capabilities [{applicationCacheEnabled=false, rotatable=false, mobileEmulationEnabled=false, networkConnectionEnabled=false, chrome={chromedriverVersion=2.38.551601 (edb21f07fc70e9027c746edd3201443e011a61ed), userDataDir=C:\Windows\proxy\scoped_dir4760_17080}, takesHeapSnapshot=true, pageLoadStrategy=normal, databaseEnabled=false, handlesAlerts=true, hasTouchScreen=false, version=66.0.3359.117, platform=WIN8_1, browserConnectionEnabled=false, nativeEvents=true, acceptSslCerts=false, acceptInsecureCerts=false, locationContextEnabled=true, webStorageEnabled=true, browserName=chrome, takesScreenshot=true, javascriptEnabled=true, cssSelectorsEnabled=true, setWindowRect=true, unexpectedAlertBehaviour=}]
      Session ID: e101d7b31bae5227582b2503c34d0a6a
      *** Element info: {Using=xpath, value=//img[@id='img_0500087327563-0']}
      For documentation on this error, please visit: http://seleniumhq.org/exceptions/no_such_element.html
      Build info: version: '3.8.1', revision: '6e95a6684b', time: '2017-12-01T18:33:54.468Z'
      System info: host: 'SHIFT-PC01', ip: '192.168.1.158', os.name: 'Windows 7', os.arch: 'amd64', os.version: '6.1', java.version: '9.0.4'
      Driver info: driver.version: EventFiringWebDriver
      	at sun.reflect.NativeConstructorAccessorImpl.newInstance0(Native Method)
      	at sun.reflect.NativeConstructorAccessorImpl.newInstance(Unknown Source)
      	at sun.reflect.DelegatingConstructorAccessorImpl.newInstance(Unknown Source)
      	at java.lang.reflect.Constructor.newInstance(Unknown Source)
      	at org.openqa.selenium.remote.ErrorHandler.createThrowable(ErrorHandler.java:206)
      	at org.openqa.selenium.remote.ErrorHandler.throwIfResponseFailed(ErrorHandler.java:158)
      	at org.openqa.selenium.remote.RemoteWebDriver.execute(RemoteWebDriver.java:678)
      	at org.openqa.selenium.remote.RemoteWebDriver.findElement(RemoteWebDriver.java:363)
      	at org.openqa.selenium.remote.RemoteWebDriver.findElementByXPath(RemoteWebDriver.java:500)
      	at org.openqa.selenium.By$ByXPath.findElement(By.java:361)
      	at org.openqa.selenium.remote.RemoteWebDriver.findElement(RemoteWebDriver.java:355)
      	at sun.reflect.NativeMethodAccessorImpl.invoke0(Native Method)
      	at sun.reflect.NativeMethodAccessorImpl.invoke(Unknown Source)
      	at sun.reflect.DelegatingMethodAccessorImpl.invoke(Unknown Source)
      	at java.lang.reflect.Method.invoke(Unknown Source)
      	at org.openqa.selenium.support.events.EventFiringWebDriver$2.invoke(EventFiringWebDriver.java:103)
      	at com.sun.proxy.$Proxy1.findElement(Unknown Source)
      	at org.openqa.selenium.support.events.EventFiringWebDriver.findElement(EventFiringWebDriver.java:188)
      	at org.openqa.selenium.remote.server.handler.FindElement.call(FindElement.java:48)
      	at org.openqa.selenium.remote.server.handler.FindElement.call(FindElement.java:1)
      	at java.util.concurrent.FutureTask.run(Unknown Source)
      	at org.openqa.selenium.remote.server.DefaultSession$1.run(DefaultSession.java:176)
      	at java.util.concurrent.ThreadPoolExecutor.runWorker(Unknown Source)
      	at java.util.concurrent.ThreadPoolExecutor$Worker.run(Unknown Source)
      	at java.lang.Thread.run(Unknown Source)
      [0m
    [36mThen [0m[36mHydroguard Mica Top Product page should display[0m                   [90m# ProductsPageSteps.hydroguard_Mica_Top_Product_page_should_display()[0m
    [36mWhen [0m[36mUser click on "[0m[36m[1mMica Blue[0m[36m" color option[0m                            [90m# ProductsPageSteps.user_click_on_color_option(String)[0m
    [36mAnd [0m[36mSelects Large as the size[0m                                          [90m# ProductsPageSteps.selects_Large_as_the_size()[0m

  @functional @smoke
  Scenario: 1. Verify that shopping cart pop up shows the same product related details after adding the item [90m# addToCartFunctionality.feature:18[0m
    [36mAnd [0m[36mClick on Add To Bag Button[0m                                                                           [90m# AddToCartSteps.click_on_Add_To_Bag_Button()[0m
    [36mThen [0m[36mUser should see the following product related details in the pop up box[0m                             [90m# AddToCartSteps.user_should_see_the_following_product_related_details_in_the_pop_up_box(DataTable)[0m

  Background:                                                              [90m# addToCartFunctionality.feature:3[0m
    [32mGiven [0m[32mNot a validated Shopping Cart Page and Add To Cart Functionality[0m [90m# AddToCartSteps.not_a_validated_Shopping_Cart_Page_and_Add_To_Cart_Functionality()[0m
    [32mWhen [0m[32mUser browse to the site[0m                                           [90m# ApplicationSteps.user_browse_to_the_site()[0m
    [32mAnd [0m[32mCloses the Popup window[0m                                            [90m# HomePageSteps.closes_the_Popup_window()[0m
    [32mThen [0m[32mLord and Taylor Homepage should display[0m                           [90m# HomePageSteps.lord_and_Taylor_Homepage_should_display()[0m
    [32mWhen [0m[32mUser hover over the men section in navigation bar[0m                 [90m# ProductsPageSteps.user_hover_over_the_men_section_in_navigation_bar()[0m
    [32mAnd [0m[32mUser click on the Nike Link[0m                                        [90m# ProductsPageSteps.user_click_on_the_Nike_Link()[0m
    [32mThen [0m[32mNike products page should display[0m                                 [90m# ProductsPageSteps.nike_products_page_should_display()[0m
    [31mWhen [0m[31mUser click on Nike Hydroguard Mica Top product image[0m              [90m# ProductsPageSteps.user_click_on_Nike_Hydroguard_Mica_Top_product_image()[0m
      [31morg.openqa.selenium.NoSuchElementException: no such element: Unable to locate element: {"method":"xpath","selector":"//img[@id='img_0500087327563-0']"}
        (Session info: chrome=66.0.3359.117)
        (Driver info: chromedriver=2.38.551601 (edb21f07fc70e9027c746edd3201443e011a61ed),platform=Windows NT 6.3.9600 x86_64) (WARNING: The server did not provide any stacktrace information)
      Command duration or timeout: 15.02 seconds
      For documentation on this error, please visit: http://seleniumhq.org/exceptions/no_such_element.html
      Build info: version: '2.53.0', revision: '35ae25b', time: '2016-03-15 17:00:58'
      System info: host: '207-254-11-159', ip: '207.254.11.159', os.name: 'windows', os.arch: 'x86', os.version: '6.3', java.version: '1.8.0_171'
      Driver info: org.openqa.selenium.chrome.ChromeDriver
      Capabilities [{applicationCacheEnabled=false, rotatable=false, mobileEmulationEnabled=false, networkConnectionEnabled=false, chrome={chromedriverVersion=2.38.551601 (edb21f07fc70e9027c746edd3201443e011a61ed), userDataDir=C:\Windows\proxy\scoped_dir3532_9549}, takesHeapSnapshot=true, pageLoadStrategy=normal, databaseEnabled=false, handlesAlerts=true, hasTouchScreen=false, version=66.0.3359.117, platform=WIN8_1, browserConnectionEnabled=false, nativeEvents=true, acceptSslCerts=false, acceptInsecureCerts=false, locationContextEnabled=true, webStorageEnabled=true, browserName=chrome, takesScreenshot=true, javascriptEnabled=true, cssSelectorsEnabled=true, setWindowRect=true, unexpectedAlertBehaviour=}]
      Session ID: 96b337cff3296d07f3e73faae792c182
      *** Element info: {Using=xpath, value=//img[@id='img_0500087327563-0']}
      Command duration or timeout: 0 milliseconds
      	at java.base/jdk.internal.reflect.NativeConstructorAccessorImpl.newInstance0(Native Method)
      	at java.base/jdk.internal.reflect.NativeConstructorAccessorImpl.newInstance(Unknown Source)
      	at java.base/jdk.internal.reflect.DelegatingConstructorAccessorImpl.newInstance(Unknown Source)
      	at java.base/java.lang.reflect.Constructor.newInstance(Unknown Source)
      	at org.openqa.selenium.remote.ErrorHandler.createThrowable(ErrorHandler.java:214)
      	at org.openqa.selenium.remote.ErrorHandler.throwIfResponseFailed(ErrorHandler.java:166)
      	at org.openqa.selenium.remote.http.JsonHttpResponseCodec.reconstructValue(JsonHttpResponseCodec.java:40)
      	at org.openqa.selenium.remote.http.AbstractHttpResponseCodec.decode(AbstractHttpResponseCodec.java:80)
      	at org.openqa.selenium.remote.http.AbstractHttpResponseCodec.decode(AbstractHttpResponseCodec.java:44)
      	at org.openqa.selenium.remote.HttpCommandExecutor.execute(HttpCommandExecutor.java:164)
      	at org.openqa.selenium.remote.RemoteWebDriver.execute(RemoteWebDriver.java:601)
      	at org.openqa.selenium.remote.RemoteWebDriver.findElement(RemoteWebDriver.java:371)
      	at org.openqa.selenium.remote.RemoteWebDriver.findElementByXPath(RemoteWebDriver.java:473)
      	at org.openqa.selenium.By$ByXPath.findElement(By.java:361)
      	at org.openqa.selenium.remote.RemoteWebDriver.findElement(RemoteWebDriver.java:363)
      	at com.lordAndTaylor.qa.framework.controller.PageBaseMethods.clickElement(PageBaseMethods.java:63)
      	at com.lordAndTaylor.qa.framework.controller.ProductsPageController.clickNikeProduct(ProductsPageController.java:208)
      	at com.lordAndTaylor.qa.scripts.steps.ProductsPageSteps.user_click_on_Nike_Hydroguard_Mica_Top_product_image(ProductsPageSteps.java:133)
      	at âœ½.When User click on Nike Hydroguard Mica Top product image(addToCartFunctionality.feature:11)
      Caused by: org.openqa.selenium.remote.ScreenshotException: Screen shot has been taken
      	at org.openqa.selenium.remote.ErrorHandler.throwIfResponseFailed(ErrorHandler.java:140)
      	at org.openqa.selenium.remote.http.JsonHttpResponseCodec.reconstructValue(JsonHttpResponseCodec.java:40)
      	at org.openqa.selenium.remote.http.AbstractHttpResponseCodec.decode(AbstractHttpResponseCodec.java:80)
      	at org.openqa.selenium.remote.http.AbstractHttpResponseCodec.decode(AbstractHttpResponseCodec.java:44)
      	at org.openqa.selenium.remote.HttpCommandExecutor.execute(HttpCommandExecutor.java:164)
      	at org.openqa.selenium.remote.RemoteWebDriver.execute(RemoteWebDriver.java:601)
      	at org.openqa.selenium.remote.RemoteWebDriver.findElement(RemoteWebDriver.java:371)
      	at org.openqa.selenium.remote.RemoteWebDriver.findElementByXPath(RemoteWebDriver.java:473)
      	at org.openqa.selenium.By$ByXPath.findElement(By.java:361)
      	at org.openqa.selenium.remote.RemoteWebDriver.findElement(RemoteWebDriver.java:363)
      	at com.lordAndTaylor.qa.framework.controller.PageBaseMethods.clickElement(PageBaseMethods.java:63)
      	at com.lordAndTaylor.qa.framework.controller.ProductsPageController.clickNikeProduct(ProductsPageController.java:208)
      	at com.lordAndTaylor.qa.scripts.steps.ProductsPageSteps.user_click_on_Nike_Hydroguard_Mica_Top_product_image(ProductsPageSteps.java:133)
      	at java.base/jdk.internal.reflect.NativeMethodAccessorImpl.invoke0(Native Method)
      	at java.base/jdk.internal.reflect.NativeMethodAccessorImpl.invoke(Unknown Source)
      	at java.base/jdk.internal.reflect.DelegatingMethodAccessorImpl.invoke(Unknown Source)
      	at java.base/java.lang.reflect.Method.invoke(Unknown Source)
      	at cucumber.runtime.Utils$1.call(Utils.java:40)
      	at cucumber.runtime.Timeout.timeout(Timeout.java:16)
      	at cucumber.runtime.Utils.invoke(Utils.java:34)
      	at cucumber.runtime.java.JavaStepDefinition.execute(JavaStepDefinition.java:38)
      	at cucumber.runtime.StepDefinitionMatch.runStep(StepDefinitionMatch.java:37)
      	at cucumber.runtime.Runtime.runStep(Runtime.java:300)
      	at cucumber.runtime.model.StepContainer.runStep(StepContainer.java:44)
      	at cucumber.runtime.model.StepContainer.runSteps(StepContainer.java:39)
      	at cucumber.runtime.model.CucumberScenario.runBackground(CucumberScenario.java:59)
      	at cucumber.runtime.model.CucumberScenario.run(CucumberScenario.java:42)
      	at cucumber.runtime.model.CucumberFeature.run(CucumberFeature.java:165)
      	at cucumber.api.testng.TestNGCucumberRunner.runCucumber(TestNGCucumberRunner.java:63)
      	at com.lordAndTaylor.qa.scripts.runner.BDD_Runner_TestNg.feature(BDD_Runner_TestNg.java:86)
      	at java.base/jdk.internal.reflect.NativeMethodAccessorImpl.invoke0(Native Method)
      	at java.base/jdk.internal.reflect.NativeMethodAccessorImpl.invoke(Unknown Source)
      	at java.base/jdk.internal.reflect.DelegatingMethodAccessorImpl.invoke(Unknown Source)
      	at java.base/java.lang.reflect.Method.invoke(Unknown Source)
      	at org.testng.internal.MethodInvocationHelper.invokeMethod(MethodInvocationHelper.java:124)
      	at org.testng.internal.Invoker.invokeMethod(Invoker.java:580)
      	at org.testng.internal.Invoker.invokeTestMethod(Invoker.java:716)
      	at org.testng.internal.Invoker.invokeTestMethods(Invoker.java:988)
      	at org.testng.internal.TestMethodWorker.invokeTestMethods(TestMethodWorker.java:125)
      	at org.testng.internal.TestMethodWorker.run(TestMethodWorker.java:109)
      	at org.testng.TestRunner.privateRun(TestRunner.java:648)
      	at org.testng.TestRunner.run(TestRunner.java:505)
      	at org.testng.SuiteRunner.runTest(SuiteRunner.java:455)
      	at org.testng.SuiteRunner.runSequentially(SuiteRunner.java:450)
      	at org.testng.SuiteRunner.privateRun(SuiteRunner.java:415)
      	at org.testng.SuiteRunner.run(SuiteRunner.java:364)
      	at org.testng.SuiteRunnerWorker.runSuite(SuiteRunnerWorker.java:52)
      	at org.testng.SuiteRunnerWorker.run(SuiteRunnerWorker.java:84)
      	at org.testng.TestNG.runSuitesSequentially(TestNG.java:1208)
      	at org.testng.TestNG.runSuitesLocally(TestNG.java:1137)
      	at org.testng.TestNG.runSuites(TestNG.java:1049)
      	at org.testng.TestNG.run(TestNG.java:1017)
      	at org.testng.remote.AbstractRemoteTestNG.run(AbstractRemoteTestNG.java:114)
      	at org.testng.remote.RemoteTestNG.initAndRun(RemoteTestNG.java:251)
      	at org.testng.remote.RemoteTestNG.main(RemoteTestNG.java:77)
      Caused by: org.openqa.selenium.NoSuchElementException: no such element: Unable to locate element: {"method":"xpath","selector":"//img[@id='img_0500087327563-0']"}
        (Session info: chrome=66.0.3359.117)
        (Driver info: chromedriver=2.38.551601 (edb21f07fc70e9027c746edd3201443e011a61ed),platform=Windows NT 6.3.9600 x86_64) (WARNING: The server did not provide any stacktrace information)
      Command duration or timeout: 15.02 seconds
      For documentation on this error, please visit: http://seleniumhq.org/exceptions/no_such_element.html
      Build info: version: '2.53.0', revision: '35ae25b', time: '2016-03-15 17:00:58'
      System info: host: '207-254-11-159', ip: '207.254.11.159', os.name: 'windows', os.arch: 'x86', os.version: '6.3', java.version: '1.8.0_171'
      Driver info: org.openqa.selenium.chrome.ChromeDriver
      Capabilities [{applicationCacheEnabled=false, rotatable=false, mobileEmulationEnabled=false, networkConnectionEnabled=false, chrome={chromedriverVersion=2.38.551601 (edb21f07fc70e9027c746edd3201443e011a61ed), userDataDir=C:\Windows\proxy\scoped_dir3532_9549}, takesHeapSnapshot=true, pageLoadStrategy=normal, databaseEnabled=false, handlesAlerts=true, hasTouchScreen=false, version=66.0.3359.117, platform=WIN8_1, browserConnectionEnabled=false, nativeEvents=true, acceptSslCerts=false, acceptInsecureCerts=false, locationContextEnabled=true, webStorageEnabled=true, browserName=chrome, takesScreenshot=true, javascriptEnabled=true, cssSelectorsEnabled=true, setWindowRect=true, unexpectedAlertBehaviour=}]
      Session ID: 96b337cff3296d07f3e73faae792c182
      *** Element info: {Using=xpath, value=//img[@id='img_0500087327563-0']}
      For documentation on this error, please visit: http://seleniumhq.org/exceptions/no_such_element.html
      Build info: version: '3.8.1', revision: '6e95a6684b', time: '2017-12-01T18:33:54.468Z'
      System info: host: 'SHIFT-PC01', ip: '192.168.1.158', os.name: 'Windows 7', os.arch: 'amd64', os.version: '6.1', java.version: '9.0.4'
      Driver info: driver.version: EventFiringWebDriver
      	at sun.reflect.NativeConstructorAccessorImpl.newInstance0(Native Method)
      	at sun.reflect.NativeConstructorAccessorImpl.newInstance(Unknown Source)
      	at sun.reflect.DelegatingConstructorAccessorImpl.newInstance(Unknown Source)
      	at java.lang.reflect.Constructor.newInstance(Unknown Source)
      	at org.openqa.selenium.remote.ErrorHandler.createThrowable(ErrorHandler.java:206)
      	at org.openqa.selenium.remote.ErrorHandler.throwIfResponseFailed(ErrorHandler.java:158)
      	at org.openqa.selenium.remote.RemoteWebDriver.execute(RemoteWebDriver.java:678)
      	at org.openqa.selenium.remote.RemoteWebDriver.findElement(RemoteWebDriver.java:363)
      	at org.openqa.selenium.remote.RemoteWebDriver.findElementByXPath(RemoteWebDriver.java:500)
      	at org.openqa.selenium.By$ByXPath.findElement(By.java:361)
      	at org.openqa.selenium.remote.RemoteWebDriver.findElement(RemoteWebDriver.java:355)
      	at sun.reflect.NativeMethodAccessorImpl.invoke0(Native Method)
      	at sun.reflect.NativeMethodAccessorImpl.invoke(Unknown Source)
      	at sun.reflect.DelegatingMethodAccessorImpl.invoke(Unknown Source)
      	at java.lang.reflect.Method.invoke(Unknown Source)
      	at org.openqa.selenium.support.events.EventFiringWebDriver$2.invoke(EventFiringWebDriver.java:103)
      	at com.sun.proxy.$Proxy1.findElement(Unknown Source)
      	at org.openqa.selenium.support.events.EventFiringWebDriver.findElement(EventFiringWebDriver.java:188)
      	at org.openqa.selenium.remote.server.handler.FindElement.call(FindElement.java:48)
      	at org.openqa.selenium.remote.server.handler.FindElement.call(FindElement.java:1)
      	at java.util.concurrent.FutureTask.run(Unknown Source)
      	at org.openqa.selenium.remote.server.DefaultSession$1.run(DefaultSession.java:176)
      	at java.util.concurrent.ThreadPoolExecutor.runWorker(Unknown Source)
      	at java.util.concurrent.ThreadPoolExecutor$Worker.run(Unknown Source)
      	at java.lang.Thread.run(Unknown Source)
      [0m
    [36mThen [0m[36mHydroguard Mica Top Product page should display[0m                   [90m# ProductsPageSteps.hydroguard_Mica_Top_Product_page_should_display()[0m
    [36mWhen [0m[36mUser click on "[0m[36m[1mMica Blue[0m[36m" color option[0m                            [90m# ProductsPageSteps.user_click_on_color_option(String)[0m
    [36mAnd [0m[36mSelects Large as the size[0m                                          [90m# ProductsPageSteps.selects_Large_as_the_size()[0m

  @functional @smoke
  Scenario: 2. Verify the price displayed in pop up is properly calculated as per the quantity [90m# addToCartFunctionality.feature:30[0m
    [36mAnd [0m[36mEnters "[0m[36m[1m2[0m[36m" in the quantity box[0m                                                         [90m# AddToCartSteps.enters_in_the_quantity_box(String)[0m
    [36mAnd [0m[36mClick on Add To Bag Button[0m                                                             [90m# AddToCartSteps.click_on_Add_To_Bag_Button()[0m
    [36mThen [0m[36mthe total price displayed in the pop up would be "[0m[36m[1m$76.00[0m[36m"[0m                             [90m# AddToCartSteps.the_total_price_displayed_in_the_pop_up_would_be(String)[0m

  Background:                                                              [90m# addToCartFunctionality.feature:3[0m
    [32mGiven [0m[32mNot a validated Shopping Cart Page and Add To Cart Functionality[0m [90m# AddToCartSteps.not_a_validated_Shopping_Cart_Page_and_Add_To_Cart_Functionality()[0m
    [32mWhen [0m[32mUser browse to the site[0m                                           [90m# ApplicationSteps.user_browse_to_the_site()[0m
    [32mAnd [0m[32mCloses the Popup window[0m                                            [90m# HomePageSteps.closes_the_Popup_window()[0m
    [32mThen [0m[32mLord and Taylor Homepage should display[0m                           [90m# HomePageSteps.lord_and_Taylor_Homepage_should_display()[0m
    [32mWhen [0m[32mUser hover over the men section in navigation bar[0m                 [90m# ProductsPageSteps.user_hover_over_the_men_section_in_navigation_bar()[0m
    [32mAnd [0m[32mUser click on the Nike Link[0m                                        [90m# ProductsPageSteps.user_click_on_the_Nike_Link()[0m
    [32mThen [0m[32mNike products page should display[0m                                 [90m# ProductsPageSteps.nike_products_page_should_display()[0m
    [31mWhen [0m[31mUser click on Nike Hydroguard Mica Top product image[0m              [90m# ProductsPageSteps.user_click_on_Nike_Hydroguard_Mica_Top_product_image()[0m
      [31morg.openqa.selenium.NoSuchElementException: no such element: Unable to locate element: {"method":"xpath","selector":"//img[@id='img_0500087327563-0']"}
        (Session info: chrome=66.0.3359.117)
        (Driver info: chromedriver=2.38.551601 (edb21f07fc70e9027c746edd3201443e011a61ed),platform=Windows NT 6.3.9600 x86_64) (WARNING: The server did not provide any stacktrace information)
      Command duration or timeout: 15.06 seconds
      For documentation on this error, please visit: http://seleniumhq.org/exceptions/no_such_element.html
      Build info: version: '2.53.0', revision: '35ae25b', time: '2016-03-15 17:00:58'
      System info: host: '207-254-11-59', ip: '207.254.11.59', os.name: 'windows', os.arch: 'x86', os.version: '6.3', java.version: '1.8.0_171'
      Driver info: org.openqa.selenium.chrome.ChromeDriver
      Capabilities [{applicationCacheEnabled=false, rotatable=false, mobileEmulationEnabled=false, networkConnectionEnabled=false, chrome={chromedriverVersion=2.38.551601 (edb21f07fc70e9027c746edd3201443e011a61ed), userDataDir=C:\Windows\proxy\scoped_dir4684_14034}, takesHeapSnapshot=true, pageLoadStrategy=normal, databaseEnabled=false, handlesAlerts=true, hasTouchScreen=false, version=66.0.3359.117, platform=WIN8_1, browserConnectionEnabled=false, nativeEvents=true, acceptSslCerts=false, acceptInsecureCerts=false, locationContextEnabled=true, webStorageEnabled=true, browserName=chrome, takesScreenshot=true, javascriptEnabled=true, cssSelectorsEnabled=true, setWindowRect=true, unexpectedAlertBehaviour=}]
      Session ID: 0544a4a5af2d98c72f2d6d202eec50f9
      *** Element info: {Using=xpath, value=//img[@id='img_0500087327563-0']}
      Command duration or timeout: 0 milliseconds
      	at java.base/jdk.internal.reflect.NativeConstructorAccessorImpl.newInstance0(Native Method)
      	at java.base/jdk.internal.reflect.NativeConstructorAccessorImpl.newInstance(Unknown Source)
      	at java.base/jdk.internal.reflect.DelegatingConstructorAccessorImpl.newInstance(Unknown Source)
      	at java.base/java.lang.reflect.Constructor.newInstance(Unknown Source)
      	at org.openqa.selenium.remote.ErrorHandler.createThrowable(ErrorHandler.java:214)
      	at org.openqa.selenium.remote.ErrorHandler.throwIfResponseFailed(ErrorHandler.java:166)
      	at org.openqa.selenium.remote.http.JsonHttpResponseCodec.reconstructValue(JsonHttpResponseCodec.java:40)
      	at org.openqa.selenium.remote.http.AbstractHttpResponseCodec.decode(AbstractHttpResponseCodec.java:80)
      	at org.openqa.selenium.remote.http.AbstractHttpResponseCodec.decode(AbstractHttpResponseCodec.java:44)
      	at org.openqa.selenium.remote.HttpCommandExecutor.execute(HttpCommandExecutor.java:164)
      	at org.openqa.selenium.remote.RemoteWebDriver.execute(RemoteWebDriver.java:601)
      	at org.openqa.selenium.remote.RemoteWebDriver.findElement(RemoteWebDriver.java:371)
      	at org.openqa.selenium.remote.RemoteWebDriver.findElementByXPath(RemoteWebDriver.java:473)
      	at org.openqa.selenium.By$ByXPath.findElement(By.java:361)
      	at org.openqa.selenium.remote.RemoteWebDriver.findElement(RemoteWebDriver.java:363)
      	at com.lordAndTaylor.qa.framework.controller.PageBaseMethods.clickElement(PageBaseMethods.java:63)
      	at com.lordAndTaylor.qa.framework.controller.ProductsPageController.clickNikeProduct(ProductsPageController.java:208)
      	at com.lordAndTaylor.qa.scripts.steps.ProductsPageSteps.user_click_on_Nike_Hydroguard_Mica_Top_product_image(ProductsPageSteps.java:133)
      	at âœ½.When User click on Nike Hydroguard Mica Top product image(addToCartFunctionality.feature:11)
      Caused by: org.openqa.selenium.remote.ScreenshotException: Screen shot has been taken
      	at org.openqa.selenium.remote.ErrorHandler.throwIfResponseFailed(ErrorHandler.java:140)
      	at org.openqa.selenium.remote.http.JsonHttpResponseCodec.reconstructValue(JsonHttpResponseCodec.java:40)
      	at org.openqa.selenium.remote.http.AbstractHttpResponseCodec.decode(AbstractHttpResponseCodec.java:80)
      	at org.openqa.selenium.remote.http.AbstractHttpResponseCodec.decode(AbstractHttpResponseCodec.java:44)
      	at org.openqa.selenium.remote.HttpCommandExecutor.execute(HttpCommandExecutor.java:164)
      	at org.openqa.selenium.remote.RemoteWebDriver.execute(RemoteWebDriver.java:601)
      	at org.openqa.selenium.remote.RemoteWebDriver.findElement(RemoteWebDriver.java:371)
      	at org.openqa.selenium.remote.RemoteWebDriver.findElementByXPath(RemoteWebDriver.java:473)
      	at org.openqa.selenium.By$ByXPath.findElement(By.java:361)
      	at org.openqa.selenium.remote.RemoteWebDriver.findElement(RemoteWebDriver.java:363)
      	at com.lordAndTaylor.qa.framework.controller.PageBaseMethods.clickElement(PageBaseMethods.java:63)
      	at com.lordAndTaylor.qa.framework.controller.ProductsPageController.clickNikeProduct(ProductsPageController.java:208)
      	at com.lordAndTaylor.qa.scripts.steps.ProductsPageSteps.user_click_on_Nike_Hydroguard_Mica_Top_product_image(ProductsPageSteps.java:133)
      	at java.base/jdk.internal.reflect.NativeMethodAccessorImpl.invoke0(Native Method)
      	at java.base/jdk.internal.reflect.NativeMethodAccessorImpl.invoke(Unknown Source)
      	at java.base/jdk.internal.reflect.DelegatingMethodAccessorImpl.invoke(Unknown Source)
      	at java.base/java.lang.reflect.Method.invoke(Unknown Source)
      	at cucumber.runtime.Utils$1.call(Utils.java:40)
      	at cucumber.runtime.Timeout.timeout(Timeout.java:16)
      	at cucumber.runtime.Utils.invoke(Utils.java:34)
      	at cucumber.runtime.java.JavaStepDefinition.execute(JavaStepDefinition.java:38)
      	at cucumber.runtime.StepDefinitionMatch.runStep(StepDefinitionMatch.java:37)
      	at cucumber.runtime.Runtime.runStep(Runtime.java:300)
      	at cucumber.runtime.model.StepContainer.runStep(StepContainer.java:44)
      	at cucumber.runtime.model.StepContainer.runSteps(StepContainer.java:39)
      	at cucumber.runtime.model.CucumberScenario.runBackground(CucumberScenario.java:59)
      	at cucumber.runtime.model.CucumberScenario.run(CucumberScenario.java:42)
      	at cucumber.runtime.model.CucumberFeature.run(CucumberFeature.java:165)
      	at cucumber.api.testng.TestNGCucumberRunner.runCucumber(TestNGCucumberRunner.java:63)
      	at com.lordAndTaylor.qa.scripts.runner.BDD_Runner_TestNg.feature(BDD_Runner_TestNg.java:86)
      	at java.base/jdk.internal.reflect.NativeMethodAccessorImpl.invoke0(Native Method)
      	at java.base/jdk.internal.reflect.NativeMethodAccessorImpl.invoke(Unknown Source)
      	at java.base/jdk.internal.reflect.DelegatingMethodAccessorImpl.invoke(Unknown Source)
      	at java.base/java.lang.reflect.Method.invoke(Unknown Source)
      	at org.testng.internal.MethodInvocationHelper.invokeMethod(MethodInvocationHelper.java:124)
      	at org.testng.internal.Invoker.invokeMethod(Invoker.java:580)
      	at org.testng.internal.Invoker.invokeTestMethod(Invoker.java:716)
      	at org.testng.internal.Invoker.invokeTestMethods(Invoker.java:988)
      	at org.testng.internal.TestMethodWorker.invokeTestMethods(TestMethodWorker.java:125)
      	at org.testng.internal.TestMethodWorker.run(TestMethodWorker.java:109)
      	at org.testng.TestRunner.privateRun(TestRunner.java:648)
      	at org.testng.TestRunner.run(TestRunner.java:505)
      	at org.testng.SuiteRunner.runTest(SuiteRunner.java:455)
      	at org.testng.SuiteRunner.runSequentially(SuiteRunner.java:450)
      	at org.testng.SuiteRunner.privateRun(SuiteRunner.java:415)
      	at org.testng.SuiteRunner.run(SuiteRunner.java:364)
      	at org.testng.SuiteRunnerWorker.runSuite(SuiteRunnerWorker.java:52)
      	at org.testng.SuiteRunnerWorker.run(SuiteRunnerWorker.java:84)
      	at org.testng.TestNG.runSuitesSequentially(TestNG.java:1208)
      	at org.testng.TestNG.runSuitesLocally(TestNG.java:1137)
      	at org.testng.TestNG.runSuites(TestNG.java:1049)
      	at org.testng.TestNG.run(TestNG.java:1017)
      	at org.testng.remote.AbstractRemoteTestNG.run(AbstractRemoteTestNG.java:114)
      	at org.testng.remote.RemoteTestNG.initAndRun(RemoteTestNG.java:251)
      	at org.testng.remote.RemoteTestNG.main(RemoteTestNG.java:77)
      Caused by: org.openqa.selenium.NoSuchElementException: no such element: Unable to locate element: {"method":"xpath","selector":"//img[@id='img_0500087327563-0']"}
        (Session info: chrome=66.0.3359.117)
        (Driver info: chromedriver=2.38.551601 (edb21f07fc70e9027c746edd3201443e011a61ed),platform=Windows NT 6.3.9600 x86_64) (WARNING: The server did not provide any stacktrace information)
      Command duration or timeout: 15.06 seconds
      For documentation on this error, please visit: http://seleniumhq.org/exceptions/no_such_element.html
      Build info: version: '2.53.0', revision: '35ae25b', time: '2016-03-15 17:00:58'
      System info: host: '207-254-11-59', ip: '207.254.11.59', os.name: 'windows', os.arch: 'x86', os.version: '6.3', java.version: '1.8.0_171'
      Driver info: org.openqa.selenium.chrome.ChromeDriver
      Capabilities [{applicationCacheEnabled=false, rotatable=false, mobileEmulationEnabled=false, networkConnectionEnabled=false, chrome={chromedriverVersion=2.38.551601 (edb21f07fc70e9027c746edd3201443e011a61ed), userDataDir=C:\Windows\proxy\scoped_dir4684_14034}, takesHeapSnapshot=true, pageLoadStrategy=normal, databaseEnabled=false, handlesAlerts=true, hasTouchScreen=false, version=66.0.3359.117, platform=WIN8_1, browserConnectionEnabled=false, nativeEvents=true, acceptSslCerts=false, acceptInsecureCerts=false, locationContextEnabled=true, webStorageEnabled=true, browserName=chrome, takesScreenshot=true, javascriptEnabled=true, cssSelectorsEnabled=true, setWindowRect=true, unexpectedAlertBehaviour=}]
      Session ID: 0544a4a5af2d98c72f2d6d202eec50f9
      *** Element info: {Using=xpath, value=//img[@id='img_0500087327563-0']}
      For documentation on this error, please visit: http://seleniumhq.org/exceptions/no_such_element.html
      Build info: version: '3.8.1', revision: '6e95a6684b', time: '2017-12-01T18:33:54.468Z'
      System info: host: 'SHIFT-PC01', ip: '192.168.1.158', os.name: 'Windows 7', os.arch: 'amd64', os.version: '6.1', java.version: '9.0.4'
      Driver info: driver.version: EventFiringWebDriver
      	at sun.reflect.NativeConstructorAccessorImpl.newInstance0(Native Method)
      	at sun.reflect.NativeConstructorAccessorImpl.newInstance(Unknown Source)
      	at sun.reflect.DelegatingConstructorAccessorImpl.newInstance(Unknown Source)
      	at java.lang.reflect.Constructor.newInstance(Unknown Source)
      	at org.openqa.selenium.remote.ErrorHandler.createThrowable(ErrorHandler.java:206)
      	at org.openqa.selenium.remote.ErrorHandler.throwIfResponseFailed(ErrorHandler.java:158)
      	at org.openqa.selenium.remote.RemoteWebDriver.execute(RemoteWebDriver.java:678)
      	at org.openqa.selenium.remote.RemoteWebDriver.findElement(RemoteWebDriver.java:363)
      	at org.openqa.selenium.remote.RemoteWebDriver.findElementByXPath(RemoteWebDriver.java:500)
      	at org.openqa.selenium.By$ByXPath.findElement(By.java:361)
      	at org.openqa.selenium.remote.RemoteWebDriver.findElement(RemoteWebDriver.java:355)
      	at sun.reflect.NativeMethodAccessorImpl.invoke0(Native Method)
      	at sun.reflect.NativeMethodAccessorImpl.invoke(Unknown Source)
      	at sun.reflect.DelegatingMethodAccessorImpl.invoke(Unknown Source)
      	at java.lang.reflect.Method.invoke(Unknown Source)
      	at org.openqa.selenium.support.events.EventFiringWebDriver$2.invoke(EventFiringWebDriver.java:103)
      	at com.sun.proxy.$Proxy1.findElement(Unknown Source)
      	at org.openqa.selenium.support.events.EventFiringWebDriver.findElement(EventFiringWebDriver.java:188)
      	at org.openqa.selenium.remote.server.handler.FindElement.call(FindElement.java:48)
      	at org.openqa.selenium.remote.server.handler.FindElement.call(FindElement.java:1)
      	at java.util.concurrent.FutureTask.run(Unknown Source)
      	at org.openqa.selenium.remote.server.DefaultSession$1.run(DefaultSession.java:176)
      	at java.util.concurrent.ThreadPoolExecutor.runWorker(Unknown Source)
      	at java.util.concurrent.ThreadPoolExecutor$Worker.run(Unknown Source)
      	at java.lang.Thread.run(Unknown Source)
      [0m
    [36mThen [0m[36mHydroguard Mica Top Product page should display[0m                   [90m# ProductsPageSteps.hydroguard_Mica_Top_Product_page_should_display()[0m
    [36mWhen [0m[36mUser click on "[0m[36m[1mMica Blue[0m[36m" color option[0m                            [90m# ProductsPageSteps.user_click_on_color_option(String)[0m
    [36mAnd [0m[36mSelects Large as the size[0m                                          [90m# ProductsPageSteps.selects_Large_as_the_size()[0m

  @functional @smoke
  Scenario: 7. Verify the remove item functionality in the shopping bag page [90m# addToCartFunctionality.feature:68[0m
    [36mAnd [0m[36mClick on Add To Bag Button[0m                                           [90m# AddToCartSteps.click_on_Add_To_Bag_Button()[0m
    [36mWhen [0m[36mUser click on the View My Bag button[0m                                [90m# AddToCartSteps.user_click_on_the_View_My_Bag_button()[0m
    [36mThen [0m[36mShopping Bag page should display[0m                                    [90m# AddToCartSteps.shopping_Bag_page_should_display()[0m
    [36mWhen [0m[36mUser clicks the remove item link[0m                                    [90m# AddToCartSteps.user_clicks_the_remove_item_link()[0m
    [36mAnd [0m[36mClicks on the confirm remove item link[0m                               [90m# AddToCartSteps.clicks_on_the_confirm_remove_item_link()[0m
    [36mThen [0m[36mUser should see that the item has been removed[0m                      [90m# AddToCartSteps.user_should_see_that_the_item_has_been_removed()[0m

  Background:                                                              [90m# addToCartFunctionality.feature:3[0m
    [32mGiven [0m[32mNot a validated Shopping Cart Page and Add To Cart Functionality[0m [90m# AddToCartSteps.not_a_validated_Shopping_Cart_Page_and_Add_To_Cart_Functionality()[0m
    [32mWhen [0m[32mUser browse to the site[0m                                           [90m# ApplicationSteps.user_browse_to_the_site()[0m
    [32mAnd [0m[32mCloses the Popup window[0m                                            [90m# HomePageSteps.closes_the_Popup_window()[0m
    [32mThen [0m[32mLord and Taylor Homepage should display[0m                           [90m# HomePageSteps.lord_and_Taylor_Homepage_should_display()[0m
    [32mWhen [0m[32mUser hover over the men section in navigation bar[0m                 [90m# ProductsPageSteps.user_hover_over_the_men_section_in_navigation_bar()[0m
    [32mAnd [0m[32mUser click on the Nike Link[0m                                        [90m# ProductsPageSteps.user_click_on_the_Nike_Link()[0m
    [32mThen [0m[32mNike products page should display[0m                                 [90m# ProductsPageSteps.nike_products_page_should_display()[0m
    [31mWhen [0m[31mUser click on Nike Hydroguard Mica Top product image[0m              [90m# ProductsPageSteps.user_click_on_Nike_Hydroguard_Mica_Top_product_image()[0m
      [31morg.openqa.selenium.NoSuchElementException: no such element: Unable to locate element: {"method":"xpath","selector":"//img[@id='img_0500087327563-0']"}
        (Session info: chrome=66.0.3359.117)
        (Driver info: chromedriver=2.38.551601 (edb21f07fc70e9027c746edd3201443e011a61ed),platform=Windows NT 6.3.9600 x86_64) (WARNING: The server did not provide any stacktrace information)
      Command duration or timeout: 15.02 seconds
      For documentation on this error, please visit: http://seleniumhq.org/exceptions/no_such_element.html
      Build info: version: '2.53.0', revision: '35ae25b', time: '2016-03-15 17:00:58'
      System info: host: '207-254-11-217', ip: '207.254.11.217', os.name: 'windows', os.arch: 'x86', os.version: '6.3', java.version: '1.8.0_171'
      Driver info: org.openqa.selenium.chrome.ChromeDriver
      Capabilities [{applicationCacheEnabled=false, rotatable=false, mobileEmulationEnabled=false, networkConnectionEnabled=false, chrome={chromedriverVersion=2.38.551601 (edb21f07fc70e9027c746edd3201443e011a61ed), userDataDir=C:\Windows\proxy\scoped_dir1908_30120}, takesHeapSnapshot=true, pageLoadStrategy=normal, databaseEnabled=false, handlesAlerts=true, hasTouchScreen=false, version=66.0.3359.117, platform=WIN8_1, browserConnectionEnabled=false, nativeEvents=true, acceptSslCerts=false, acceptInsecureCerts=false, locationContextEnabled=true, webStorageEnabled=true, browserName=chrome, takesScreenshot=true, javascriptEnabled=true, cssSelectorsEnabled=true, setWindowRect=true, unexpectedAlertBehaviour=}]
      Session ID: e912849dc980ef9308649f0bed18e67c
      *** Element info: {Using=xpath, value=//img[@id='img_0500087327563-0']}
      Command duration or timeout: 0 milliseconds
      	at java.base/jdk.internal.reflect.NativeConstructorAccessorImpl.newInstance0(Native Method)
      	at java.base/jdk.internal.reflect.NativeConstructorAccessorImpl.newInstance(Unknown Source)
      	at java.base/jdk.internal.reflect.DelegatingConstructorAccessorImpl.newInstance(Unknown Source)
      	at java.base/java.lang.reflect.Constructor.newInstance(Unknown Source)
      	at org.openqa.selenium.remote.ErrorHandler.createThrowable(ErrorHandler.java:214)
      	at org.openqa.selenium.remote.ErrorHandler.throwIfResponseFailed(ErrorHandler.java:166)
      	at org.openqa.selenium.remote.http.JsonHttpResponseCodec.reconstructValue(JsonHttpResponseCodec.java:40)
      	at org.openqa.selenium.remote.http.AbstractHttpResponseCodec.decode(AbstractHttpResponseCodec.java:80)
      	at org.openqa.selenium.remote.http.AbstractHttpResponseCodec.decode(AbstractHttpResponseCodec.java:44)
      	at org.openqa.selenium.remote.HttpCommandExecutor.execute(HttpCommandExecutor.java:164)
      	at org.openqa.selenium.remote.RemoteWebDriver.execute(RemoteWebDriver.java:601)
      	at org.openqa.selenium.remote.RemoteWebDriver.findElement(RemoteWebDriver.java:371)
      	at org.openqa.selenium.remote.RemoteWebDriver.findElementByXPath(RemoteWebDriver.java:473)
      	at org.openqa.selenium.By$ByXPath.findElement(By.java:361)
      	at org.openqa.selenium.remote.RemoteWebDriver.findElement(RemoteWebDriver.java:363)
      	at com.lordAndTaylor.qa.framework.controller.PageBaseMethods.clickElement(PageBaseMethods.java:63)
      	at com.lordAndTaylor.qa.framework.controller.ProductsPageController.clickNikeProduct(ProductsPageController.java:208)
      	at com.lordAndTaylor.qa.scripts.steps.ProductsPageSteps.user_click_on_Nike_Hydroguard_Mica_Top_product_image(ProductsPageSteps.java:133)
      	at âœ½.When User click on Nike Hydroguard Mica Top product image(addToCartFunctionality.feature:11)
      Caused by: org.openqa.selenium.remote.ScreenshotException: Screen shot has been taken
      	at org.openqa.selenium.remote.ErrorHandler.throwIfResponseFailed(ErrorHandler.java:140)
      	at org.openqa.selenium.remote.http.JsonHttpResponseCodec.reconstructValue(JsonHttpResponseCodec.java:40)
      	at org.openqa.selenium.remote.http.AbstractHttpResponseCodec.decode(AbstractHttpResponseCodec.java:80)
      	at org.openqa.selenium.remote.http.AbstractHttpResponseCodec.decode(AbstractHttpResponseCodec.java:44)
      	at org.openqa.selenium.remote.HttpCommandExecutor.execute(HttpCommandExecutor.java:164)
      	at org.openqa.selenium.remote.RemoteWebDriver.execute(RemoteWebDriver.java:601)
      	at org.openqa.selenium.remote.RemoteWebDriver.findElement(RemoteWebDriver.java:371)
      	at org.openqa.selenium.remote.RemoteWebDriver.findElementByXPath(RemoteWebDriver.java:473)
      	at org.openqa.selenium.By$ByXPath.findElement(By.java:361)
      	at org.openqa.selenium.remote.RemoteWebDriver.findElement(RemoteWebDriver.java:363)
      	at com.lordAndTaylor.qa.framework.controller.PageBaseMethods.clickElement(PageBaseMethods.java:63)
      	at com.lordAndTaylor.qa.framework.controller.ProductsPageController.clickNikeProduct(ProductsPageController.java:208)
      	at com.lordAndTaylor.qa.scripts.steps.ProductsPageSteps.user_click_on_Nike_Hydroguard_Mica_Top_product_image(ProductsPageSteps.java:133)
      	at java.base/jdk.internal.reflect.NativeMethodAccessorImpl.invoke0(Native Method)
      	at java.base/jdk.internal.reflect.NativeMethodAccessorImpl.invoke(Unknown Source)
      	at java.base/jdk.internal.reflect.DelegatingMethodAccessorImpl.invoke(Unknown Source)
      	at java.base/java.lang.reflect.Method.invoke(Unknown Source)
      	at cucumber.runtime.Utils$1.call(Utils.java:40)
      	at cucumber.runtime.Timeout.timeout(Timeout.java:16)
      	at cucumber.runtime.Utils.invoke(Utils.java:34)
      	at cucumber.runtime.java.JavaStepDefinition.execute(JavaStepDefinition.java:38)
      	at cucumber.runtime.StepDefinitionMatch.runStep(StepDefinitionMatch.java:37)
      	at cucumber.runtime.Runtime.runStep(Runtime.java:300)
      	at cucumber.runtime.model.StepContainer.runStep(StepContainer.java:44)
      	at cucumber.runtime.model.StepContainer.runSteps(StepContainer.java:39)
      	at cucumber.runtime.model.CucumberScenario.runBackground(CucumberScenario.java:59)
      	at cucumber.runtime.model.CucumberScenario.run(CucumberScenario.java:42)
      	at cucumber.runtime.model.CucumberFeature.run(CucumberFeature.java:165)
      	at cucumber.api.testng.TestNGCucumberRunner.runCucumber(TestNGCucumberRunner.java:63)
      	at com.lordAndTaylor.qa.scripts.runner.BDD_Runner_TestNg.feature(BDD_Runner_TestNg.java:86)
      	at java.base/jdk.internal.reflect.NativeMethodAccessorImpl.invoke0(Native Method)
      	at java.base/jdk.internal.reflect.NativeMethodAccessorImpl.invoke(Unknown Source)
      	at java.base/jdk.internal.reflect.DelegatingMethodAccessorImpl.invoke(Unknown Source)
      	at java.base/java.lang.reflect.Method.invoke(Unknown Source)
      	at org.testng.internal.MethodInvocationHelper.invokeMethod(MethodInvocationHelper.java:124)
      	at org.testng.internal.Invoker.invokeMethod(Invoker.java:580)
      	at org.testng.internal.Invoker.invokeTestMethod(Invoker.java:716)
      	at org.testng.internal.Invoker.invokeTestMethods(Invoker.java:988)
      	at org.testng.internal.TestMethodWorker.invokeTestMethods(TestMethodWorker.java:125)
      	at org.testng.internal.TestMethodWorker.run(TestMethodWorker.java:109)
      	at org.testng.TestRunner.privateRun(TestRunner.java:648)
      	at org.testng.TestRunner.run(TestRunner.java:505)
      	at org.testng.SuiteRunner.runTest(SuiteRunner.java:455)
      	at org.testng.SuiteRunner.runSequentially(SuiteRunner.java:450)
      	at org.testng.SuiteRunner.privateRun(SuiteRunner.java:415)
      	at org.testng.SuiteRunner.run(SuiteRunner.java:364)
      	at org.testng.SuiteRunnerWorker.runSuite(SuiteRunnerWorker.java:52)
      	at org.testng.SuiteRunnerWorker.run(SuiteRunnerWorker.java:84)
      	at org.testng.TestNG.runSuitesSequentially(TestNG.java:1208)
      	at org.testng.TestNG.runSuitesLocally(TestNG.java:1137)
      	at org.testng.TestNG.runSuites(TestNG.java:1049)
      	at org.testng.TestNG.run(TestNG.java:1017)
      	at org.testng.remote.AbstractRemoteTestNG.run(AbstractRemoteTestNG.java:114)
      	at org.testng.remote.RemoteTestNG.initAndRun(RemoteTestNG.java:251)
      	at org.testng.remote.RemoteTestNG.main(RemoteTestNG.java:77)
      Caused by: org.openqa.selenium.NoSuchElementException: no such element: Unable to locate element: {"method":"xpath","selector":"//img[@id='img_0500087327563-0']"}
        (Session info: chrome=66.0.3359.117)
        (Driver info: chromedriver=2.38.551601 (edb21f07fc70e9027c746edd3201443e011a61ed),platform=Windows NT 6.3.9600 x86_64) (WARNING: The server did not provide any stacktrace information)
      Command duration or timeout: 15.02 seconds
      For documentation on this error, please visit: http://seleniumhq.org/exceptions/no_such_element.html
      Build info: version: '2.53.0', revision: '35ae25b', time: '2016-03-15 17:00:58'
      System info: host: '207-254-11-217', ip: '207.254.11.217', os.name: 'windows', os.arch: 'x86', os.version: '6.3', java.version: '1.8.0_171'
      Driver info: org.openqa.selenium.chrome.ChromeDriver
      Capabilities [{applicationCacheEnabled=false, rotatable=false, mobileEmulationEnabled=false, networkConnectionEnabled=false, chrome={chromedriverVersion=2.38.551601 (edb21f07fc70e9027c746edd3201443e011a61ed), userDataDir=C:\Windows\proxy\scoped_dir1908_30120}, takesHeapSnapshot=true, pageLoadStrategy=normal, databaseEnabled=false, handlesAlerts=true, hasTouchScreen=false, version=66.0.3359.117, platform=WIN8_1, browserConnectionEnabled=false, nativeEvents=true, acceptSslCerts=false, acceptInsecureCerts=false, locationContextEnabled=true, webStorageEnabled=true, browserName=chrome, takesScreenshot=true, javascriptEnabled=true, cssSelectorsEnabled=true, setWindowRect=true, unexpectedAlertBehaviour=}]
      Session ID: e912849dc980ef9308649f0bed18e67c
      *** Element info: {Using=xpath, value=//img[@id='img_0500087327563-0']}
      For documentation on this error, please visit: http://seleniumhq.org/exceptions/no_such_element.html
      Build info: version: '3.8.1', revision: '6e95a6684b', time: '2017-12-01T18:33:54.468Z'
      System info: host: 'SHIFT-PC01', ip: '192.168.1.158', os.name: 'Windows 7', os.arch: 'amd64', os.version: '6.1', java.version: '9.0.4'
      Driver info: driver.version: EventFiringWebDriver
      	at sun.reflect.NativeConstructorAccessorImpl.newInstance0(Native Method)
      	at sun.reflect.NativeConstructorAccessorImpl.newInstance(Unknown Source)
      	at sun.reflect.DelegatingConstructorAccessorImpl.newInstance(Unknown Source)
      	at java.lang.reflect.Constructor.newInstance(Unknown Source)
      	at org.openqa.selenium.remote.ErrorHandler.createThrowable(ErrorHandler.java:206)
      	at org.openqa.selenium.remote.ErrorHandler.throwIfResponseFailed(ErrorHandler.java:158)
      	at org.openqa.selenium.remote.RemoteWebDriver.execute(RemoteWebDriver.java:678)
      	at org.openqa.selenium.remote.RemoteWebDriver.findElement(RemoteWebDriver.java:363)
      	at org.openqa.selenium.remote.RemoteWebDriver.findElementByXPath(RemoteWebDriver.java:500)
      	at org.openqa.selenium.By$ByXPath.findElement(By.java:361)
      	at org.openqa.selenium.remote.RemoteWebDriver.findElement(RemoteWebDriver.java:355)
      	at sun.reflect.NativeMethodAccessorImpl.invoke0(Native Method)
      	at sun.reflect.NativeMethodAccessorImpl.invoke(Unknown Source)
      	at sun.reflect.DelegatingMethodAccessorImpl.invoke(Unknown Source)
      	at java.lang.reflect.Method.invoke(Unknown Source)
      	at org.openqa.selenium.support.events.EventFiringWebDriver$2.invoke(EventFiringWebDriver.java:103)
      	at com.sun.proxy.$Proxy1.findElement(Unknown Source)
      	at org.openqa.selenium.support.events.EventFiringWebDriver.findElement(EventFiringWebDriver.java:188)
      	at org.openqa.selenium.remote.server.handler.FindElement.call(FindElement.java:48)
      	at org.openqa.selenium.remote.server.handler.FindElement.call(FindElement.java:1)
      	at java.util.concurrent.FutureTask.run(Unknown Source)
      	at org.openqa.selenium.remote.server.DefaultSession$1.run(DefaultSession.java:176)
      	at java.util.concurrent.ThreadPoolExecutor.runWorker(Unknown Source)
      	at java.util.concurrent.ThreadPoolExecutor$Worker.run(Unknown Source)
      	at java.lang.Thread.run(Unknown Source)
      [0m
    [36mThen [0m[36mHydroguard Mica Top Product page should display[0m                   [90m# ProductsPageSteps.hydroguard_Mica_Top_Product_page_should_display()[0m
    [36mWhen [0m[36mUser click on "[0m[36m[1mMica Blue[0m[36m" color option[0m                            [90m# ProductsPageSteps.user_click_on_color_option(String)[0m
    [36mAnd [0m[36mSelects Large as the size[0m                                          [90m# ProductsPageSteps.selects_Large_as_the_size()[0m

  @functional @smoke
  Scenario: 12. Verify Paypal checkout button [90m# addToCartFunctionality.feature:121[0m
    [36mAnd [0m[36mClick on Add To Bag Button[0m            [90m# AddToCartSteps.click_on_Add_To_Bag_Button()[0m
    [36mWhen [0m[36mUser click on the View My Bag button[0m [90m# AddToCartSteps.user_click_on_the_View_My_Bag_button()[0m
    [36mThen [0m[36mShopping Bag page should display[0m     [90m# AddToCartSteps.shopping_Bag_page_should_display()[0m
    [36mWhen [0m[36mUser enter zipcode as "[0m[36m[1m11435[0m[36m"[0m        [90m# AddToCartSteps.user_enter_zipcode_as(String)[0m
    [36mAnd [0m[36mClick on shipping method dropdown[0m     [90m# AddToCartSteps.click_on_shipping_method_dropdown()[0m
    [36mAnd [0m[36mSelects "[0m[36m[1mRush[0m[36m" as the shipping method[0m [90m# AddToCartSteps.selects_as_the_shipping_method(String)[0m
    [36mAnd [0m[36mClick on the paypal checkout button[0m   [90m# AddToCartSteps.click_on_the_paypal_checkout_button()[0m
    [36mThen [0m[36mPaypal checkout page should open[0m     [90m# AddToCartSteps.paypal_checkout_page_should_open()[0m
Feature: Lord and Taylor Shopping Bag Page and Add To Cart Functionality

  Background:                                                              [90m# addToCartFunctionality.feature:3[0m
    [32mGiven [0m[32mNot a validated Shopping Cart Page and Add To Cart Functionality[0m [90m# AddToCartSteps.not_a_validated_Shopping_Cart_Page_and_Add_To_Cart_Functionality()[0m
    [32mWhen [0m[32mUser browse to the site[0m                                           [90m# ApplicationSteps.user_browse_to_the_site()[0m
    [32mAnd [0m[32mCloses the Popup window[0m                                            [90m# HomePageSteps.closes_the_Popup_window()[0m
    [32mThen [0m[32mLord and Taylor Homepage should display[0m                           [90m# HomePageSteps.lord_and_Taylor_Homepage_should_display()[0m
    [32mWhen [0m[32mUser hover over the men section in navigation bar[0m                 [90m# ProductsPageSteps.user_hover_over_the_men_section_in_navigation_bar()[0m
    [32mAnd [0m[32mUser click on the Nike Link[0m                                        [90m# ProductsPageSteps.user_click_on_the_Nike_Link()[0m
    [32mThen [0m[32mNike products page should display[0m                                 [90m# ProductsPageSteps.nike_products_page_should_display()[0m
    [31mWhen [0m[31mUser click on Nike Hydroguard Mica Top product image[0m              [90m# ProductsPageSteps.user_click_on_Nike_Hydroguard_Mica_Top_product_image()[0m
      [31morg.openqa.selenium.NoSuchElementException: no such element: Unable to locate element: {"method":"xpath","selector":"//img[@id='img_0500087327563-0']"}
        (Session info: chrome=66.0.3359.117)
        (Driver info: chromedriver=2.38.551601 (edb21f07fc70e9027c746edd3201443e011a61ed),platform=Windows NT 6.3.9600 x86_64) (WARNING: The server did not provide any stacktrace information)
      Command duration or timeout: 15.01 seconds
      For documentation on this error, please visit: http://seleniumhq.org/exceptions/no_such_element.html
      Build info: version: '2.53.0', revision: '35ae25b', time: '2016-03-15 17:00:58'
      System info: host: '207-254-11-62', ip: '207.254.11.62', os.name: 'windows', os.arch: 'x86', os.version: '6.3', java.version: '1.8.0_171'
      Driver info: org.openqa.selenium.chrome.ChromeDriver
      Capabilities [{applicationCacheEnabled=false, rotatable=false, mobileEmulationEnabled=false, networkConnectionEnabled=false, chrome={chromedriverVersion=2.38.551601 (edb21f07fc70e9027c746edd3201443e011a61ed), userDataDir=C:\Windows\proxy\scoped_dir4180_21092}, takesHeapSnapshot=true, pageLoadStrategy=normal, databaseEnabled=false, handlesAlerts=true, hasTouchScreen=false, version=66.0.3359.117, platform=WIN8_1, browserConnectionEnabled=false, nativeEvents=true, acceptSslCerts=false, acceptInsecureCerts=false, locationContextEnabled=true, webStorageEnabled=true, browserName=chrome, takesScreenshot=true, javascriptEnabled=true, cssSelectorsEnabled=true, setWindowRect=true, unexpectedAlertBehaviour=}]
      Session ID: f0698459280baf6b1e1157a21c3ab6f4
      *** Element info: {Using=xpath, value=//img[@id='img_0500087327563-0']}
      Command duration or timeout: 0 milliseconds
      	at java.base/jdk.internal.reflect.NativeConstructorAccessorImpl.newInstance0(Native Method)
      	at java.base/jdk.internal.reflect.NativeConstructorAccessorImpl.newInstance(Unknown Source)
      	at java.base/jdk.internal.reflect.DelegatingConstructorAccessorImpl.newInstance(Unknown Source)
      	at java.base/java.lang.reflect.Constructor.newInstance(Unknown Source)
      	at org.openqa.selenium.remote.ErrorHandler.createThrowable(ErrorHandler.java:214)
      	at org.openqa.selenium.remote.ErrorHandler.throwIfResponseFailed(ErrorHandler.java:166)
      	at org.openqa.selenium.remote.http.JsonHttpResponseCodec.reconstructValue(JsonHttpResponseCodec.java:40)
      	at org.openqa.selenium.remote.http.AbstractHttpResponseCodec.decode(AbstractHttpResponseCodec.java:80)
      	at org.openqa.selenium.remote.http.AbstractHttpResponseCodec.decode(AbstractHttpResponseCodec.java:44)
      	at org.openqa.selenium.remote.HttpCommandExecutor.execute(HttpCommandExecutor.java:164)
      	at org.openqa.selenium.remote.RemoteWebDriver.execute(RemoteWebDriver.java:601)
      	at org.openqa.selenium.remote.RemoteWebDriver.findElement(RemoteWebDriver.java:371)
      	at org.openqa.selenium.remote.RemoteWebDriver.findElementByXPath(RemoteWebDriver.java:473)
      	at org.openqa.selenium.By$ByXPath.findElement(By.java:361)
      	at org.openqa.selenium.remote.RemoteWebDriver.findElement(RemoteWebDriver.java:363)
      	at com.lordAndTaylor.qa.framework.controller.PageBaseMethods.clickElement(PageBaseMethods.java:63)
      	at com.lordAndTaylor.qa.framework.controller.ProductsPageController.clickNikeProduct(ProductsPageController.java:208)
      	at com.lordAndTaylor.qa.scripts.steps.ProductsPageSteps.user_click_on_Nike_Hydroguard_Mica_Top_product_image(ProductsPageSteps.java:133)
      	at âœ½.When User click on Nike Hydroguard Mica Top product image(addToCartFunctionality.feature:11)
      Caused by: org.openqa.selenium.remote.ScreenshotException: Screen shot has been taken
      	at org.openqa.selenium.remote.ErrorHandler.throwIfResponseFailed(ErrorHandler.java:140)
      	at org.openqa.selenium.remote.http.JsonHttpResponseCodec.reconstructValue(JsonHttpResponseCodec.java:40)
      	at org.openqa.selenium.remote.http.AbstractHttpResponseCodec.decode(AbstractHttpResponseCodec.java:80)
      	at org.openqa.selenium.remote.http.AbstractHttpResponseCodec.decode(AbstractHttpResponseCodec.java:44)
      	at org.openqa.selenium.remote.HttpCommandExecutor.execute(HttpCommandExecutor.java:164)
      	at org.openqa.selenium.remote.RemoteWebDriver.execute(RemoteWebDriver.java:601)
      	at org.openqa.selenium.remote.RemoteWebDriver.findElement(RemoteWebDriver.java:371)
      	at org.openqa.selenium.remote.RemoteWebDriver.findElementByXPath(RemoteWebDriver.java:473)
      	at org.openqa.selenium.By$ByXPath.findElement(By.java:361)
      	at org.openqa.selenium.remote.RemoteWebDriver.findElement(RemoteWebDriver.java:363)
      	at com.lordAndTaylor.qa.framework.controller.PageBaseMethods.clickElement(PageBaseMethods.java:63)
      	at com.lordAndTaylor.qa.framework.controller.ProductsPageController.clickNikeProduct(ProductsPageController.java:208)
      	at com.lordAndTaylor.qa.scripts.steps.ProductsPageSteps.user_click_on_Nike_Hydroguard_Mica_Top_product_image(ProductsPageSteps.java:133)
      	at java.base/jdk.internal.reflect.NativeMethodAccessorImpl.invoke0(Native Method)
      	at java.base/jdk.internal.reflect.NativeMethodAccessorImpl.invoke(Unknown Source)
      	at java.base/jdk.internal.reflect.DelegatingMethodAccessorImpl.invoke(Unknown Source)
      	at java.base/java.lang.reflect.Method.invoke(Unknown Source)
      	at cucumber.runtime.Utils$1.call(Utils.java:40)
      	at cucumber.runtime.Timeout.timeout(Timeout.java:16)
      	at cucumber.runtime.Utils.invoke(Utils.java:34)
      	at cucumber.runtime.java.JavaStepDefinition.execute(JavaStepDefinition.java:38)
      	at cucumber.runtime.StepDefinitionMatch.runStep(StepDefinitionMatch.java:37)
      	at cucumber.runtime.Runtime.runStep(Runtime.java:300)
      	at cucumber.runtime.model.StepContainer.runStep(StepContainer.java:44)
      	at cucumber.runtime.model.StepContainer.runSteps(StepContainer.java:39)
      	at cucumber.runtime.model.CucumberScenario.runBackground(CucumberScenario.java:59)
      	at cucumber.runtime.model.CucumberScenario.run(CucumberScenario.java:42)
      	at cucumber.runtime.model.CucumberFeature.run(CucumberFeature.java:165)
      	at cucumber.api.testng.TestNGCucumberRunner.runCucumber(TestNGCucumberRunner.java:63)
      	at com.lordAndTaylor.qa.scripts.runner.BDD_Runner_TestNg.feature(BDD_Runner_TestNg.java:86)
      	at java.base/jdk.internal.reflect.NativeMethodAccessorImpl.invoke0(Native Method)
      	at java.base/jdk.internal.reflect.NativeMethodAccessorImpl.invoke(Unknown Source)
      	at java.base/jdk.internal.reflect.DelegatingMethodAccessorImpl.invoke(Unknown Source)
      	at java.base/java.lang.reflect.Method.invoke(Unknown Source)
      	at org.testng.internal.MethodInvocationHelper.invokeMethod(MethodInvocationHelper.java:124)
      	at org.testng.internal.Invoker.invokeMethod(Invoker.java:580)
      	at org.testng.internal.Invoker.retryFailed(Invoker.java:838)
      	at org.testng.internal.Invoker.invokeTestMethods(Invoker.java:1009)
      	at org.testng.internal.TestMethodWorker.invokeTestMethods(TestMethodWorker.java:125)
      	at org.testng.internal.TestMethodWorker.run(TestMethodWorker.java:109)
      	at org.testng.TestRunner.privateRun(TestRunner.java:648)
      	at org.testng.TestRunner.run(TestRunner.java:505)
      	at org.testng.SuiteRunner.runTest(SuiteRunner.java:455)
      	at org.testng.SuiteRunner.runSequentially(SuiteRunner.java:450)
      	at org.testng.SuiteRunner.privateRun(SuiteRunner.java:415)
      	at org.testng.SuiteRunner.run(SuiteRunner.java:364)
      	at org.testng.SuiteRunnerWorker.runSuite(SuiteRunnerWorker.java:52)
      	at org.testng.SuiteRunnerWorker.run(SuiteRunnerWorker.java:84)
      	at org.testng.TestNG.runSuitesSequentially(TestNG.java:1208)
      	at org.testng.TestNG.runSuitesLocally(TestNG.java:1137)
      	at org.testng.TestNG.runSuites(TestNG.java:1049)
      	at org.testng.TestNG.run(TestNG.java:1017)
      	at org.testng.remote.AbstractRemoteTestNG.run(AbstractRemoteTestNG.java:114)
      	at org.testng.remote.RemoteTestNG.initAndRun(RemoteTestNG.java:251)
      	at org.testng.remote.RemoteTestNG.main(RemoteTestNG.java:77)
      Caused by: org.openqa.selenium.NoSuchElementException: no such element: Unable to locate element: {"method":"xpath","selector":"//img[@id='img_0500087327563-0']"}
        (Session info: chrome=66.0.3359.117)
        (Driver info: chromedriver=2.38.551601 (edb21f07fc70e9027c746edd3201443e011a61ed),platform=Windows NT 6.3.9600 x86_64) (WARNING: The server did not provide any stacktrace information)
      Command duration or timeout: 15.01 seconds
      For documentation on this error, please visit: http://seleniumhq.org/exceptions/no_such_element.html
      Build info: version: '2.53.0', revision: '35ae25b', time: '2016-03-15 17:00:58'
      System info: host: '207-254-11-62', ip: '207.254.11.62', os.name: 'windows', os.arch: 'x86', os.version: '6.3', java.version: '1.8.0_171'
      Driver info: org.openqa.selenium.chrome.ChromeDriver
      Capabilities [{applicationCacheEnabled=false, rotatable=false, mobileEmulationEnabled=false, networkConnectionEnabled=false, chrome={chromedriverVersion=2.38.551601 (edb21f07fc70e9027c746edd3201443e011a61ed), userDataDir=C:\Windows\proxy\scoped_dir4180_21092}, takesHeapSnapshot=true, pageLoadStrategy=normal, databaseEnabled=false, handlesAlerts=true, hasTouchScreen=false, version=66.0.3359.117, platform=WIN8_1, browserConnectionEnabled=false, nativeEvents=true, acceptSslCerts=false, acceptInsecureCerts=false, locationContextEnabled=true, webStorageEnabled=true, browserName=chrome, takesScreenshot=true, javascriptEnabled=true, cssSelectorsEnabled=true, setWindowRect=true, unexpectedAlertBehaviour=}]
      Session ID: f0698459280baf6b1e1157a21c3ab6f4
      *** Element info: {Using=xpath, value=//img[@id='img_0500087327563-0']}
      For documentation on this error, please visit: http://seleniumhq.org/exceptions/no_such_element.html
      Build info: version: '3.8.1', revision: '6e95a6684b', time: '2017-12-01T18:33:54.468Z'
      System info: host: 'SHIFT-PC01', ip: '192.168.1.158', os.name: 'Windows 7', os.arch: 'amd64', os.version: '6.1', java.version: '9.0.4'
      Driver info: driver.version: EventFiringWebDriver
      	at sun.reflect.NativeConstructorAccessorImpl.newInstance0(Native Method)
      	at sun.reflect.NativeConstructorAccessorImpl.newInstance(Unknown Source)
      	at sun.reflect.DelegatingConstructorAccessorImpl.newInstance(Unknown Source)
      	at java.lang.reflect.Constructor.newInstance(Unknown Source)
      	at org.openqa.selenium.remote.ErrorHandler.createThrowable(ErrorHandler.java:206)
      	at org.openqa.selenium.remote.ErrorHandler.throwIfResponseFailed(ErrorHandler.java:158)
      	at org.openqa.selenium.remote.RemoteWebDriver.execute(RemoteWebDriver.java:678)
      	at org.openqa.selenium.remote.RemoteWebDriver.findElement(RemoteWebDriver.java:363)
      	at org.openqa.selenium.remote.RemoteWebDriver.findElementByXPath(RemoteWebDriver.java:500)
      	at org.openqa.selenium.By$ByXPath.findElement(By.java:361)
      	at org.openqa.selenium.remote.RemoteWebDriver.findElement(RemoteWebDriver.java:355)
      	at sun.reflect.NativeMethodAccessorImpl.invoke0(Native Method)
      	at sun.reflect.NativeMethodAccessorImpl.invoke(Unknown Source)
      	at sun.reflect.DelegatingMethodAccessorImpl.invoke(Unknown Source)
      	at java.lang.reflect.Method.invoke(Unknown Source)
      	at org.openqa.selenium.support.events.EventFiringWebDriver$2.invoke(EventFiringWebDriver.java:103)
      	at com.sun.proxy.$Proxy1.findElement(Unknown Source)
      	at org.openqa.selenium.support.events.EventFiringWebDriver.findElement(EventFiringWebDriver.java:188)
      	at org.openqa.selenium.remote.server.handler.FindElement.call(FindElement.java:48)
      	at org.openqa.selenium.remote.server.handler.FindElement.call(FindElement.java:1)
      	at java.util.concurrent.FutureTask.run(Unknown Source)
      	at org.openqa.selenium.remote.server.DefaultSession$1.run(DefaultSession.java:176)
      	at java.util.concurrent.ThreadPoolExecutor.runWorker(Unknown Source)
      	at java.util.concurrent.ThreadPoolExecutor$Worker.run(Unknown Source)
      	at java.lang.Thread.run(Unknown Source)
      [0m
    [36mThen [0m[36mHydroguard Mica Top Product page should display[0m                   [90m# ProductsPageSteps.hydroguard_Mica_Top_Product_page_should_display()[0m
    [36mWhen [0m[36mUser click on "[0m[36m[1mMica Blue[0m[36m" color option[0m                            [90m# ProductsPageSteps.user_click_on_color_option(String)[0m
    [36mAnd [0m[36mSelects Large as the size[0m                                          [90m# ProductsPageSteps.selects_Large_as_the_size()[0m

  @functional @smoke
  Scenario: 1. Verify that shopping cart pop up shows the same product related details after adding the item [90m# addToCartFunctionality.feature:18[0m
    [36mAnd [0m[36mClick on Add To Bag Button[0m                                                                           [90m# AddToCartSteps.click_on_Add_To_Bag_Button()[0m
    [36mThen [0m[36mUser should see the following product related details in the pop up box[0m                             [90m# AddToCartSteps.user_should_see_the_following_product_related_details_in_the_pop_up_box(DataTable)[0m
